[11-Aug-2022 19:39:16 UTC] PHP Warning:  require(config.php): Failed to open stream: No such file or directory in /Users/agaly/Desktop/parser_katalog/index.php on line 9
[11-Aug-2022 19:39:16 UTC] PHP Fatal error:  Uncaught Error: Failed opening required 'config.php' (include_path='.:/usr/local/Cellar/php@8.0/8.0.21/share/php@8.0/pear') in /Users/agaly/Desktop/parser_katalog/index.php:9
Stack trace:
#0 {main}
  thrown in /Users/agaly/Desktop/parser_katalog/index.php on line 9
[11-Aug-2022 19:39:26 UTC] PHP Warning:  Undefined variable $catalogs in /Users/agaly/Desktop/parser_katalog/index.php on line 13
[11-Aug-2022 19:39:26 UTC] PHP Fatal error:  Uncaught ValueError: Path cannot be empty in /Users/agaly/Desktop/parser_katalog/index.php:13
Stack trace:
#0 /Users/agaly/Desktop/parser_katalog/index.php(13): file_get_contents('')
#1 {main}
  thrown in /Users/agaly/Desktop/parser_katalog/index.php on line 13
[11-Aug-2022 19:42:42 UTC] PHP Fatal error:  Uncaught Error: Cannot use object of type PHPHtmlParser\Dom\Node\HtmlNode as array in /Users/agaly/Desktop/parser_katalog/index.php:16
Stack trace:
#0 {main}
  thrown in /Users/agaly/Desktop/parser_katalog/index.php on line 16
[11-Aug-2022 19:47:49 UTC] PHP Fatal error:  Uncaught PHPHtmlParser\Exceptions\EmptyCollectionException: The collection does not contain any Nodes. in /Users/agaly/Desktop/parser_katalog/vendor/paquettg/php-html-parser/src/PHPHtmlParser/Dom/Node/Collection.php:39
Stack trace:
#0 /Users/agaly/Desktop/parser_katalog/index.php(19): PHPHtmlParser\Dom\Node\Collection->__call('getAttribute', Array)
#1 {main}
  thrown in /Users/agaly/Desktop/parser_katalog/vendor/paquettg/php-html-parser/src/PHPHtmlParser/Dom/Node/Collection.php on line 39
[11-Aug-2022 19:49:27 UTC] PHP Fatal error:  Uncaught PHPHtmlParser\Exceptions\EmptyCollectionException: The collection does not contain any Nodes. in /Users/agaly/Desktop/parser_katalog/vendor/paquettg/php-html-parser/src/PHPHtmlParser/Dom/Node/Collection.php:39
Stack trace:
#0 /Users/agaly/Desktop/parser_katalog/index.php(20): PHPHtmlParser\Dom\Node\Collection->__call('getAttribute', Array)
#1 {main}
  thrown in /Users/agaly/Desktop/parser_katalog/vendor/paquettg/php-html-parser/src/PHPHtmlParser/Dom/Node/Collection.php on line 39
[11-Aug-2022 19:50:12 UTC] PHP Fatal error:  Uncaught Error: Call to a member function getAttribute() on null in /Users/agaly/Desktop/parser_katalog/index.php:20
Stack trace:
#0 {main}
  thrown in /Users/agaly/Desktop/parser_katalog/index.php on line 20
[11-Aug-2022 20:17:47 UTC] PHP Notice:  date_default_timezone_set(): Timezone ID 'Europe/Moskov' is invalid in /Users/agaly/Desktop/parser_katalog/index.php on line 9
[11-Aug-2022 20:36:59 UTC] PHP Fatal error:  Uncaught TypeError: Illegal offset type in /Users/agaly/Desktop/parser_katalog/index.php:33
Stack trace:
#0 {main}
  thrown in /Users/agaly/Desktop/parser_katalog/index.php on line 33
[11-Aug-2022 20:40:21 UTC] PHP Warning:  foreach() argument must be of type array|object, null given in /Users/agaly/Desktop/parser_katalog/index.php on line 26
[11-Aug-2022 20:40:25 UTC] PHP Warning:  foreach() argument must be of type array|object, null given in /Users/agaly/Desktop/parser_katalog/index.php on line 26
